<?xml version="1.0" encoding="UTF-8"?><testsuite errors="0" failures="0" name="Crear ruta de aprendizaje" skipped="0" tests="15" time="11.53" timestamp="2023-04-27 01:28:08"><testcase name="crear rutas de aprendizaje de manera exitosa"/><testcase name="crear rutas de aprendizaje  agregando cursos que no existen"/><testcase name="crear rutas de aprendizaje sin cursos"/><testcase name="crear rutas de aprendizaje con campos vacios"/><testcase name="crear rutas de aprendizaje con caracteres especiales"/><testcase name="crear rutas de aprendizaje que ya existe"/></testsuite>